Started at Tue May 17 09:04:48 UTC 2022
Processing Jenkins-github
Offering Jenkins-github to Project Build Discarder
Processing my-jenkins
Offering my-jenkins to Project Build Discarder
Finished at Tue May 17 09:04:48 UTC 2022. 22ms
Started at Tue May 17 10:57:41 UTC 2022
Processing Jenkins-github
Offering Jenkins-github to Project Build Discarder
Processing my-jenkins
Offering my-jenkins to Project Build Discarder
Finished at Tue May 17 10:57:41 UTC 2022. 123ms
Started at Tue May 17 11:46:58 UTC 2022
Processing Jenkins-github
Offering Jenkins-github to Project Build Discarder
Processing my-jenkins
Offering my-jenkins to Project Build Discarder
Finished at Tue May 17 11:46:58 UTC 2022. 27ms
Started at Tue May 17 12:50:39 UTC 2022
Processing Jenkins-github
Offering Jenkins-github to Project Build Discarder
Processing my-jenkins
Offering my-jenkins to Project Build Discarder
Finished at Tue May 17 12:50:39 UTC 2022. 20ms
Started at Tue May 17 15:06:20 UTC 2022
Processing my-jenkins
Offering my-jenkins to Project Build Discarder
Finished at Tue May 17 15:06:20 UTC 2022. 57ms
Started at Tue May 17 17:06:29 UTC 2022
Processing my-jenkins
Offering my-jenkins to Project Build Discarder
Finished at Tue May 17 17:06:29 UTC 2022. 134ms
Started at Tue May 17 19:06:38 UTC 2022
Processing my-jenkins
Offering my-jenkins to Project Build Discarder
Finished at Tue May 17 19:06:39 UTC 2022. 931ms
Started at Tue May 17 21:06:47 UTC 2022
Processing my-jenkins
Offering my-jenkins to Project Build Discarder
Finished at Tue May 17 21:06:47 UTC 2022. 148ms
Started at Tue May 17 23:06:56 UTC 2022
Processing my-jenkins
Offering my-jenkins to Project Build Discarder
Finished at Tue May 17 23:06:56 UTC 2022. 63ms
Started at Wed May 18 00:22:50 UTC 2022
Processing my-jenkins
Offering my-jenkins to Project Build Discarder
Finished at Wed May 18 00:22:50 UTC 2022. 33ms
Started at Wed May 18 00:50:09 UTC 2022
Processing Jenkins-Github
Offering Jenkins-Github to Project Build Discarder
Processing my-jenkins
Offering my-jenkins to Project Build Discarder
Finished at Wed May 18 00:50:09 UTC 2022. 12ms
Started at Wed May 18 01:50:07 UTC 2022
Processing Jenkins-github
Offering Jenkins-github to Project Build Discarder
Processing Jenkins-test
Offering Jenkins-test to Project Build Discarder
Processing my-jenkins
Offering my-jenkins to Project Build Discarder
Finished at Wed May 18 01:50:07 UTC 2022. 15ms
Started at Wed May 18 02:50:04 UTC 2022
Processing Jenkins-github
Offering Jenkins-github to Project Build Discarder
Processing my-jenkins
Offering my-jenkins to Project Build Discarder
Finished at Wed May 18 02:50:04 UTC 2022. 19ms
